TN:
SF:src/App.vue
FNF:0
FNH:0
LF:0
LH:0
BRF:0
BRH:0
end_of_record
TN:
SF:src/boot/axios.js
FN:9,isAuthEndpoint
FN:13,(anonymous_1)
FN:20,(anonymous_2)
FN:29,(anonymous_3)
FN:30,(anonymous_4)
FNF:5
FNH:1
FNDA:0,isAuthEndpoint
FNDA:1,(anonymous_1)
FNDA:0,(anonymous_2)
FNDA:0,(anonymous_3)
FNDA:0,(anonymous_4)
DA:10,0
DA:14,1
DA:17,1
DA:20,1
DA:21,0
DA:22,0
DA:24,0
DA:28,1
DA:29,0
DA:31,0
DA:34,0
DA:39,0
DA:41,0
DA:42,0
DA:44,0
DA:45,0
DA:49,0
DA:50,0
DA:53,0
DA:58,1
LF:20
LH:5
BRDA:10,0,0,0
BRDA:10,0,1,0
BRDA:21,1,0,0
BRDA:21,1,1,0
BRDA:34,2,0,0
BRDA:34,2,1,0
BRDA:35,3,0,0
BRDA:35,3,1,0
BRDA:35,3,2,0
BRDA:42,4,0,0
BRDA:42,4,1,0
BRF:11
BRH:0
end_of_record
TN:
SF:src/boot/i18n.js
FN:13,(anonymous_0)
FNF:1
FNH:0
FNDA:0,(anonymous_0)
DA:6,0
DA:14,0
LF:2
LH:0
BRDA:7,0,0,0
BRDA:7,0,1,0
BRF:2
BRH:0
end_of_record
TN:
SF:src/boot/plugins.js
FN:24,registerWithRoutes
FN:41,loadExternalPlugins
FN:48,(anonymous_2)
FN:73,(anonymous_3)
FNF:4
FNH:2
FNDA:4,registerWithRoutes
FNDA:2,loadExternalPlugins
FNDA:0,(anonymous_2)
FNDA:0,(anonymous_3)
DA:14,1
DA:25,4
DA:26,4
DA:27,3
DA:28,3
DA:42,2
DA:43,2
DA:44,2
DA:47,0
DA:48,0
DA:51,0
DA:52,0
DA:53,0
DA:54,0
DA:56,0
DA:57,0
DA:58,0
DA:61,0
DA:62,0
DA:63,0
DA:64,0
DA:67,0
DA:70,0
DA:74,0
DA:77,0
DA:78,0
DA:82,0
DA:83,0
DA:84,0
LF:29
LH:8
BRDA:17,0,0,1
BRDA:17,0,1,0
BRDA:26,1,0,3
BRDA:26,1,1,1
BRDA:26,2,0,4
BRDA:26,2,1,4
BRDA:43,3,0,2
BRDA:43,3,1,0
BRDA:43,4,0,2
BRDA:43,4,1,1
BRDA:56,5,0,0
BRDA:56,5,1,0
BRDA:62,6,0,0
BRDA:62,6,1,0
BRDA:62,7,0,0
BRDA:62,7,1,0
BRF:16
BRH:8
end_of_record
TN:
SF:src/css/app.scss
FNF:0
FNH:0
LF:0
LH:0
BRF:0
BRH:0
end_of_record
TN:
SF:src/i18n/en-US.js
FNF:0
FNH:0
LF:0
LH:0
BRF:0
BRH:0
end_of_record
TN:
SF:src/i18n/index.js
FNF:0
FNH:0
LF:0
LH:0
BRF:0
BRH:0
end_of_record
TN:
SF:src/i18n/zh-TW.js
FNF:0
FNH:0
LF:0
LH:0
BRF:0
BRH:0
end_of_record
TN:
SF:src/layouts/MainLayout.vue
FN:170,(anonymous_0)
FN:174,(anonymous_1)
FN:189,categoryIcon
FN:193,toggleLeftDrawer
FN:197,onMenuItemClick
FN:203,handleLogout
FN:212,openProfileDialog
FN:222,ruleJsonObject
FN:235,saveProfile
FN:2,(anonymous_9)
FN:3,(anonymous_10)
FN:4,(anonymous_11)
FN:14,(anonymous_12)
FN:17,(anonymous_13)
FN:23,(anonymous_14)
FN:24,(anonymous_15)
FN:25,(anonymous_16)
FN:26,(anonymous_17)
FN:27,(anonymous_18)
FN:30,(anonymous_19)
FN:28,(anonymous_20)
FN:30,(anonymous_21)
FN:32,(anonymous_22)
FN:33,(anonymous_23)
FN:36,(anonymous_24)
FN:34,(anonymous_25)
FN:36,(anonymous_26)
FN:43,(anonymous_27)
FN:14,(anonymous_28)
FN:5,(anonymous_29)
FN:48,(anonymous_30)
FN:48,(anonymous_31)
FN:49,(anonymous_32)
FN:51,(anonymous_33)
FN:52,(anonymous_34)
FN:55,(anonymous_35)
FN:53,(anonymous_36)
FN:55,(anonymous_37)
FN:59,(anonymous_38)
FN:60,(anonymous_39)
FN:63,(anonymous_40)
FN:61,(anonymous_41)
FN:63,(anonymous_42)
FN:69,(anonymous_43)
FN:70,(anonymous_44)
FN:76,(anonymous_45)
FN:75,(anonymous_46)
FN:84,(anonymous_47)
FN:87,(anonymous_48)
FN:85,(anonymous_49)
FN:87,(anonymous_50)
FN:101,(anonymous_51)
FN:102,(anonymous_52)
FN:105,(anonymous_53)
FN:103,(anonymous_54)
FN:105,(anonymous_55)
FN:76,(anonymous_56)
FN:50,(anonymous_57)
FN:110,(anonymous_58)
FN:115,(anonymous_59)
FN:115,(anonymous_60)
FN:116,(anonymous_61)
FN:117,(anonymous_62)
FN:120,(anonymous_63)
FN:125,(anonymous_64)
FN:130,(anonymous_65)
FN:136,(anonymous_66)
FN:143,(anonymous_67)
FN:118,(anonymous_68)
FN:121,(anonymous_69)
FN:144,(anonymous_70)
FN:111,(anonymous_71)
FNF:72
FNH:0
FNDA:0,(anonymous_0)
FNDA:0,(anonymous_1)
FNDA:0,categoryIcon
FNDA:0,toggleLeftDrawer
FNDA:0,onMenuItemClick
FNDA:0,handleLogout
FNDA:0,openProfileDialog
FNDA:0,ruleJsonObject
FNDA:0,saveProfile
FNDA:0,(anonymous_9)
FNDA:0,(anonymous_10)
FNDA:0,(anonymous_11)
FNDA:0,(anonymous_12)
FNDA:0,(anonymous_13)
FNDA:0,(anonymous_14)
FNDA:0,(anonymous_15)
FNDA:0,(anonymous_16)
FNDA:0,(anonymous_17)
FNDA:0,(anonymous_18)
FNDA:0,(anonymous_19)
FNDA:0,(anonymous_20)
FNDA:0,(anonymous_21)
FNDA:0,(anonymous_22)
FNDA:0,(anonymous_23)
FNDA:0,(anonymous_24)
FNDA:0,(anonymous_25)
FNDA:0,(anonymous_26)
FNDA:0,(anonymous_27)
FNDA:0,(anonymous_28)
FNDA:0,(anonymous_29)
FNDA:0,(anonymous_30)
FNDA:0,(anonymous_31)
FNDA:0,(anonymous_32)
FNDA:0,(anonymous_33)
FNDA:0,(anonymous_34)
FNDA:0,(anonymous_35)
FNDA:0,(anonymous_36)
FNDA:0,(anonymous_37)
FNDA:0,(anonymous_38)
FNDA:0,(anonymous_39)
FNDA:0,(anonymous_40)
FNDA:0,(anonymous_41)
FNDA:0,(anonymous_42)
FNDA:0,(anonymous_43)
FNDA:0,(anonymous_44)
FNDA:0,(anonymous_45)
FNDA:0,(anonymous_46)
FNDA:0,(anonymous_47)
FNDA:0,(anonymous_48)
FNDA:0,(anonymous_49)
FNDA:0,(anonymous_50)
FNDA:0,(anonymous_51)
FNDA:0,(anonymous_52)
FNDA:0,(anonymous_53)
FNDA:0,(anonymous_54)
FNDA:0,(anonymous_55)
FNDA:0,(anonymous_56)
FNDA:0,(anonymous_57)
FNDA:0,(anonymous_58)
FNDA:0,(anonymous_59)
FNDA:0,(anonymous_60)
FNDA:0,(anonymous_61)
FNDA:0,(anonymous_62)
FNDA:0,(anonymous_63)
FNDA:0,(anonymous_64)
FNDA:0,(anonymous_65)
FNDA:0,(anonymous_66)
FNDA:0,(anonymous_67)
FNDA:0,(anonymous_68)
FNDA:0,(anonymous_69)
FNDA:0,(anonymous_70)
FNDA:0,(anonymous_71)
DA:2,0
DA:3,0
DA:12,0
DA:14,0
DA:17,0
DA:18,0
DA:22,0
DA:25,0
DA:27,0
DA:28,0
DA:29,0
DA:30,0
DA:31,0
DA:33,0
DA:34,0
DA:35,0
DA:36,0
DA:38,0
DA:39,0
DA:43,0
DA:45,0
DA:48,0
DA:50,0
DA:52,0
DA:53,0
DA:54,0
DA:55,0
DA:60,0
DA:61,0
DA:62,0
DA:63,0
DA:69,0
DA:71,0
DA:75,0
DA:76,0
DA:84,0
DA:85,0
DA:86,0
DA:87,0
DA:102,0
DA:103,0
DA:104,0
DA:105,0
DA:107,0
DA:111,0
DA:115,0
DA:116,0
DA:118,0
DA:119,0
DA:123,0
DA:125,0
DA:130,0
DA:136,0
DA:143,0
DA:144,0
DA:147,0
DA:161,0
DA:162,0
DA:163,0
DA:164,0
DA:165,0
DA:166,0
DA:168,0
DA:170,0
DA:171,0
DA:174,0
DA:175,0
DA:176,0
DA:178,0
DA:181,0
DA:190,0
DA:194,0
DA:198,0
DA:199,0
DA:204,0
DA:205,0
DA:209,0
DA:210,0
DA:213,0
DA:214,0
DA:219,0
DA:223,0
DA:224,0
DA:225,0
DA:226,0
DA:227,0
DA:229,0
DA:231,0
DA:236,0
DA:238,0
DA:240,0
DA:241,0
DA:242,0
DA:244,0
DA:245,0
DA:246,0
DA:247,0
DA:248,0
DA:250,0
LF:99
LH:0
BRDA:171,0,0,0
BRDA:171,0,1,0
BRDA:171,0,2,0
BRDA:175,1,0,0
BRDA:175,1,1,0
BRDA:190,2,0,0
BRDA:190,2,1,0
BRDA:198,3,0,0
BRDA:198,3,1,0
BRDA:213,4,0,0
BRDA:213,4,1,0
BRDA:215,5,0,0
BRDA:215,5,1,0
BRDA:217,6,0,0
BRDA:217,6,1,0
BRDA:223,7,0,0
BRDA:223,7,1,0
BRDA:223,8,0,0
BRDA:223,8,1,0
BRDA:226,9,0,0
BRDA:226,9,1,0
BRDA:226,10,0,0
BRDA:226,10,1,0
BRDA:226,10,2,0
BRDA:238,11,0,0
BRDA:238,11,1,0
BRDA:238,12,0,0
BRDA:238,12,1,0
BRDA:238,12,2,0
BRDA:241,13,0,0
BRDA:241,13,1,0
BRDA:242,14,0,0
BRDA:242,14,1,0
BRDA:242,15,0,0
BRDA:242,15,1,0
BRDA:22,16,0,0
BRDA:22,16,1,NaN
BRDA:22,17,0,0
BRDA:22,17,1,0
BRDA:71,18,0,0
BRDA:71,18,1,NaN
BRDA:84,19,0,0
BRDA:84,19,1,NaN
BRDA:84,20,0,0
BRDA:84,20,1,NaN
BRDA:71,21,0,0
BRDA:71,21,1,0
BRF:47
BRH:0
end_of_record
TN:
SF:src/pages/AboutPage.vue
FN:62,(anonymous_0)
FN:2,(anonymous_1)
FN:6,(anonymous_2)
FN:7,(anonymous_3)
FN:9,(anonymous_4)
FN:10,(anonymous_5)
FN:11,(anonymous_6)
FN:12,(anonymous_7)
FN:13,(anonymous_8)
FN:12,(anonymous_9)
FN:13,(anonymous_10)
FN:16,(anonymous_11)
FN:17,(anonymous_12)
FN:18,(anonymous_13)
FN:19,(anonymous_14)
FN:18,(anonymous_15)
FN:19,(anonymous_16)
FN:8,(anonymous_17)
FN:27,(anonymous_18)
FN:28,(anonymous_19)
FN:30,(anonymous_20)
FN:31,(anonymous_21)
FN:32,(anonymous_22)
FN:33,(anonymous_23)
FN:34,(anonymous_24)
FN:33,(anonymous_25)
FN:34,(anonymous_26)
FN:37,(anonymous_27)
FN:38,(anonymous_28)
FN:39,(anonymous_29)
FN:40,(anonymous_30)
FN:39,(anonymous_31)
FN:40,(anonymous_32)
FN:29,(anonymous_33)
FNF:34
FNH:0
FNDA:0,(anonymous_0)
FNDA:0,(anonymous_1)
FNDA:0,(anonymous_2)
FNDA:0,(anonymous_3)
FNDA:0,(anonymous_4)
FNDA:0,(anonymous_5)
FNDA:0,(anonymous_6)
FNDA:0,(anonymous_7)
FNDA:0,(anonymous_8)
FNDA:0,(anonymous_9)
FNDA:0,(anonymous_10)
FNDA:0,(anonymous_11)
FNDA:0,(anonymous_12)
FNDA:0,(anonymous_13)
FNDA:0,(anonymous_14)
FNDA:0,(anonymous_15)
FNDA:0,(anonymous_16)
FNDA:0,(anonymous_17)
FNDA:0,(anonymous_18)
FNDA:0,(anonymous_19)
FNDA:0,(anonymous_20)
FNDA:0,(anonymous_21)
FNDA:0,(anonymous_22)
FNDA:0,(anonymous_23)
FNDA:0,(anonymous_24)
FNDA:0,(anonymous_25)
FNDA:0,(anonymous_26)
FNDA:0,(anonymous_27)
FNDA:0,(anonymous_28)
FNDA:0,(anonymous_29)
FNDA:0,(anonymous_30)
FNDA:0,(anonymous_31)
FNDA:0,(anonymous_32)
FNDA:0,(anonymous_33)
DA:2,0
DA:8,0
DA:9,0
DA:12,0
DA:13,0
DA:14,0
DA:15,0
DA:18,0
DA:19,0
DA:20,0
DA:23,0
DA:27,0
DA:29,0
DA:30,0
DA:33,0
DA:34,0
DA:35,0
DA:36,0
DA:39,0
DA:40,0
DA:41,0
DA:44,0
DA:54,0
DA:56,0
DA:57,0
DA:59,0
DA:60,0
DA:62,0
DA:63,0
DA:64,0
DA:65,0
DA:66,0
DA:67,0
DA:68,0
DA:69,0
DA:70,0
LF:36
LH:0
BRDA:63,0,0,0
BRDA:63,0,1,0
BRDA:68,1,0,0
BRDA:68,1,1,0
BRDA:68,2,0,0
BRDA:68,2,1,0
BRDA:27,3,0,0
BRDA:27,3,1,NaN
BRDA:27,4,0,0
BRDA:27,4,1,NaN
BRF:10
BRH:0
end_of_record
TN:
SF:src/pages/ErrorNotFound.vue
FN:2,(anonymous_0)
FNF:1
FNH:0
FNDA:0,(anonymous_0)
DA:2,0
DA:16,0
LF:2
LH:0
BRF:0
BRH:0
end_of_record
TN:
SF:src/pages/HomePage.vue
FN:2,(anonymous_0)
FNF:1
FNH:0
FNDA:0,(anonymous_0)
DA:2,0
DA:4,0
DA:14,0
DA:15,0
LF:4
LH:0
BRDA:4,0,0,0
BRDA:4,0,1,NaN
BRDA:5,1,0,0
BRDA:5,1,1,0
BRDA:4,2,0,0
BRDA:4,2,1,NaN
BRF:6
BRH:0
end_of_record
TN:
SF:src/pages/OAuthCallbackPage.vue
FN:28,(anonymous_0)
FN:2,(anonymous_1)
FNF:2
FNH:0
FNDA:0,(anonymous_0)
FNDA:0,(anonymous_1)
DA:2,0
DA:3,0
DA:21,0
DA:22,0
DA:23,0
DA:24,0
DA:26,0
DA:28,0
DA:31,0
DA:32,0
DA:33,0
DA:35,0
DA:36,0
DA:37,0
DA:40,0
DA:41,0
DA:43,0
DA:44,0
DA:46,0
LF:19
LH:0
BRDA:32,0,0,0
BRDA:32,0,1,0
BRDA:33,1,0,0
BRDA:33,1,1,0
BRDA:35,2,0,0
BRDA:35,2,1,0
BRDA:46,3,0,0
BRDA:46,3,1,0
BRDA:3,4,0,0
BRDA:3,4,1,NaN
BRDA:3,5,0,0
BRDA:3,5,1,0
BRF:12
BRH:0
end_of_record
TN:
SF:src/pages/SettingsPage.vue
FN:57,onLocaleChange
FN:62,onDarkModeChange
FN:2,(anonymous_2)
FN:5,(anonymous_3)
FN:7,(anonymous_4)
FN:8,(anonymous_5)
FN:9,(anonymous_6)
FN:9,(anonymous_7)
FN:11,(anonymous_8)
FN:13,(anonymous_9)
FN:12,(anonymous_10)
FN:26,(anonymous_11)
FN:27,(anonymous_12)
FN:28,(anonymous_13)
FN:28,(anonymous_14)
FN:30,(anonymous_15)
FN:32,(anonymous_16)
FN:31,(anonymous_17)
FN:6,(anonymous_18)
FNF:19
FNH:0
FNDA:0,onLocaleChange
FNDA:0,onDarkModeChange
FNDA:0,(anonymous_2)
FNDA:0,(anonymous_3)
FNDA:0,(anonymous_4)
FNDA:0,(anonymous_5)
FNDA:0,(anonymous_6)
FNDA:0,(anonymous_7)
FNDA:0,(anonymous_8)
FNDA:0,(anonymous_9)
FNDA:0,(anonymous_10)
FNDA:0,(anonymous_11)
FNDA:0,(anonymous_12)
FNDA:0,(anonymous_13)
FNDA:0,(anonymous_14)
FNDA:0,(anonymous_15)
FNDA:0,(anonymous_16)
FNDA:0,(anonymous_17)
FNDA:0,(anonymous_18)
DA:2,0
DA:6,0
DA:9,0
DA:10,0
DA:11,0
DA:13,0
DA:21,0
DA:28,0
DA:29,0
DA:30,0
DA:32,0
DA:34,0
DA:46,0
DA:47,0
DA:49,0
DA:54,0
DA:55,0
DA:58,0
DA:59,0
DA:63,0
LF:20
LH:0
BRF:0
BRH:0
end_of_record
TN:
SF:src/pages/WelcomePage.vue
FN:2,(anonymous_0)
FN:15,(anonymous_1)
FNF:2
FNH:0
FNDA:0,(anonymous_0)
FNDA:0,(anonymous_1)
DA:2,0
DA:10,0
DA:15,0
DA:33,0
DA:34,0
LF:5
LH:0
BRDA:10,0,0,0
BRDA:10,0,1,NaN
BRDA:10,1,0,0
BRDA:10,1,1,0
BRF:4
BRH:0
end_of_record
TN:
SF:src/router/index.js
FN:6,(anonymous_0)
FN:12,(anonymous_1)
FN:17,(anonymous_2)
FN:26,(anonymous_3)
FNF:4
FNH:0
FNDA:0,(anonymous_0)
FNDA:0,(anonymous_1)
FNDA:0,(anonymous_2)
FNDA:0,(anonymous_3)
DA:7,0
DA:11,0
DA:12,0
DA:17,0
DA:18,0
DA:19,0
DA:20,0
DA:21,0
DA:24,0
DA:25,0
DA:26,0
DA:27,0
DA:28,0
DA:34,0
LF:14
LH:0
BRDA:7,0,0,0
BRDA:7,0,1,0
BRDA:9,1,0,0
BRDA:9,1,1,0
BRDA:18,2,0,0
BRDA:18,2,1,0
BRDA:20,3,0,0
BRDA:20,3,1,0
BRDA:24,4,0,0
BRDA:24,4,1,0
BRDA:25,5,0,0
BRDA:25,5,1,0
BRDA:27,6,0,0
BRDA:27,6,1,0
BRF:14
BRH:0
end_of_record
TN:
SF:src/router/routes.js
FN:5,(anonymous_0)
FN:7,(anonymous_1)
FN:8,(anonymous_2)
FN:9,(anonymous_3)
FN:10,(anonymous_4)
FN:15,(anonymous_5)
FN:19,(anonymous_6)
FNF:7
FNH:0
FNDA:0,(anonymous_0)
FNDA:0,(anonymous_1)
FNDA:0,(anonymous_2)
FNDA:0,(anonymous_3)
FNDA:0,(anonymous_4)
FNDA:0,(anonymous_5)
FNDA:0,(anonymous_6)
DA:1,0
DA:5,0
DA:7,0
DA:8,0
DA:9,0
DA:10,0
DA:15,0
DA:19,0
LF:8
LH:0
BRF:0
BRH:0
end_of_record
TN:
SF:src/stores/app-store.js
FN:5,(anonymous_0)
FN:13,(anonymous_1)
FN:17,(anonymous_2)
FN:22,setLocale
FN:26,toggleDark
FN:30,setDark
FN:46,detectBrowserLocale
FN:59,detectInitialDark
FNF:8
FNH:7
FNDA:16,(anonymous_0)
FNDA:2,(anonymous_1)
FNDA:0,(anonymous_2)
FNDA:2,setLocale
FNDA:2,toggleDark
FNDA:2,setDark
FNDA:15,detectBrowserLocale
FNDA:16,detectInitialDark
DA:5,1
DA:6,16
DA:7,16
DA:10,16
DA:13,16
DA:14,2
DA:17,16
DA:18,0
DA:19,0
DA:23,2
DA:27,2
DA:31,2
DA:34,16
DA:47,15
DA:48,15
DA:49,1
DA:51,14
DA:60,16
DA:61,16
DA:62,2
DA:65,14
LF:21
LH:19
BRDA:6,0,0,16
BRDA:6,0,1,15
BRDA:47,1,0,15
BRDA:47,1,1,0
BRDA:47,1,2,0
BRDA:48,2,0,1
BRDA:48,2,1,14
BRDA:61,3,0,2
BRDA:61,3,1,14
BRF:9
BRH:7
end_of_record
TN:
SF:src/stores/auth-store.js
FN:5,(anonymous_0)
FN:11,(anonymous_1)
FN:13,getConfig
FN:20,login
FN:41,handleCallback
FN:68,refreshAccessToken
FN:94,fetchTokenInfo
FN:110,logout
FN:124,setTokens
FN:137,clearTokens
FN:152,init
FNF:11
FNH:10
FNDA:48,(anonymous_0)
FNDA:5,(anonymous_1)
FNDA:10,getConfig
FNDA:1,login
FNDA:2,handleCallback
FNDA:3,refreshAccessToken
FNDA:3,fetchTokenInfo
FNDA:2,logout
FNDA:2,setTokens
FNDA:4,clearTokens
FNDA:0,init
DA:5,6
DA:6,48
DA:7,48
DA:8,48
DA:9,48
DA:11,48
DA:14,10
DA:21,1
DA:22,1
DA:23,1
DA:25,1
DA:31,1
DA:32,0
DA:35,1
DA:42,2
DA:43,2
DA:44,1
DA:46,1
DA:48,1
DA:49,1
DA:60,1
DA:61,1
DA:69,3
DA:70,0
DA:73,3
DA:74,3
DA:75,3
DA:83,2
DA:84,2
DA:86,2
DA:87,2
DA:95,3
DA:96,3
DA:97,3
DA:101,2
DA:103,1
DA:111,2
DA:112,2
DA:113,2
DA:121,2
DA:125,2
DA:126,2
DA:127,2
DA:128,2
DA:130,2
DA:131,2
DA:132,2
DA:134,2
DA:138,4
DA:139,4
DA:140,4
DA:141,4
DA:143,4
DA:144,4
DA:145,4
DA:153,0
DA:154,0
DA:158,0
DA:159,0
DA:160,0
DA:161,0
DA:165,0
DA:168,0
DA:169,0
DA:170,0
DA:171,0
DA:176,48
LF:67
LH:54
BRDA:6,0,0,48
BRDA:6,0,1,44
BRDA:7,1,0,48
BRDA:7,1,1,44
BRDA:8,2,0,48
BRDA:8,2,1,44
BRDA:14,3,0,10
BRDA:14,3,1,0
BRDA:31,4,0,0
BRDA:31,4,1,1
BRDA:43,5,0,1
BRDA:43,5,1,1
BRDA:43,6,0,2
BRDA:43,6,1,2
BRDA:69,7,0,0
BRDA:69,7,1,3
BRDA:126,8,0,2
BRDA:126,8,1,0
BRDA:127,9,0,2
BRDA:127,9,1,0
BRDA:131,10,0,2
BRDA:131,10,1,0
BRDA:153,11,0,0
BRDA:153,11,1,0
BRDA:158,12,0,0
BRDA:158,12,1,0
BRDA:160,13,0,0
BRDA:160,13,1,0
BRDA:168,14,0,0
BRDA:168,14,1,0
BRDA:168,15,0,0
BRDA:168,15,1,0
BRDA:170,16,0,0
BRDA:170,16,1,0
BRF:34
BRH:16
end_of_record
TN:
SF:src/stores/index.js
FN:4,(anonymous_0)
FNF:1
FNH:0
FNDA:0,(anonymous_0)
DA:5,0
DA:6,0
LF:2
LH:0
BRF:0
BRH:0
end_of_record
TN:
SF:src/stores/plugin-store.js
FN:11,(anonymous_0)
FN:19,hasRole
FN:22,(anonymous_2)
FN:28,(anonymous_3)
FN:45,(anonymous_4)
FN:53,(anonymous_5)
FN:54,(anonymous_6)
FN:61,registerPlugin
FN:78,(anonymous_8)
FN:90,getPluginRoutes
FN:91,(anonymous_10)
FNF:11
FNH:11
FNDA:35,(anonymous_0)
FNDA:35,hasRole
FNDA:4,(anonymous_2)
FNDA:7,(anonymous_3)
FNDA:25,(anonymous_4)
FNDA:3,(anonymous_5)
FNDA:4,(anonymous_6)
FNDA:41,registerPlugin
FNDA:19,(anonymous_8)
FNDA:6,getPluginRoutes
FNDA:7,(anonymous_10)
DA:9,5
DA:11,5
DA:12,35
DA:13,35
DA:20,35
DA:21,4
DA:22,35
DA:28,35
DA:29,7
DA:30,7
DA:31,35
DA:33,7
DA:34,11
DA:35,11
DA:36,11
DA:37,35
DA:38,35
DA:44,7
DA:45,35
DA:47,7
DA:53,35
DA:54,4
DA:62,41
DA:63,3
DA:67,3
DA:70,38
DA:71,1
DA:75,1
DA:78,37
DA:79,1
DA:80,1
DA:83,36
DA:84,36
DA:91,7
DA:94,35
LF:35
LH:35
BRDA:20,0,0,31
BRDA:20,0,1,4
BRDA:20,1,0,35
BRDA:20,1,1,4
BRDA:21,2,0,4
BRDA:21,2,1,0
BRDA:35,3,0,11
BRDA:35,3,1,0
BRDA:36,4,0,11
BRDA:36,4,1,0
BRDA:37,5,0,35
BRDA:37,5,1,0
BRDA:45,6,0,25
BRDA:45,6,1,1
BRDA:45,7,0,25
BRDA:45,7,1,0
BRDA:54,8,0,4
BRDA:54,8,1,0
BRDA:62,9,0,3
BRDA:62,9,1,38
BRDA:62,10,0,41
BRDA:62,10,1,40
BRDA:62,10,2,39
BRDA:70,11,0,1
BRDA:70,11,1,37
BRDA:78,12,0,1
BRDA:78,12,1,36
BRDA:91,13,0,7
BRDA:91,13,1,0
BRF:29
BRH:22
end_of_record
